1                                                        The SAS System                              13:46 Friday, June 23, 2017

NOTE: Copyright (c) 2002-2012 by SAS Institute Inc., Cary, NC, USA. 
NOTE: SAS (r) Proprietary Software 9.4 (TS1M3) 
      Licensed to BUREAU OF LABOR STATISTICS, Site 70108914.
NOTE: This session is executing on the X64_7PRO  platform.



NOTE: Updated analytical products:
      
      SAS/STAT 14.1
      SAS/ETS 14.1
      SAS/OR 14.1
      SAS/IML 14.1

NOTE: Additional host information:

 X64_7PRO WIN 6.1.7601 Service Pack 1 Workstation

NOTE: SAS initialization used:
      real time           0.53 seconds
      cpu time            0.34 seconds
      
1          /*Allows SEG to replace variable names with spaces from Excel files with an underscore*/
2          options validvarname=v7;
3          
4          libname capital 'Q:\MFP\SAS Libraries\Manufacturing\Capital\capital';
NOTE: Libref CAPITAL was successfully assigned as follows: 
      Engine:        V9 
      Physical Name: Q:\MFP\SAS Libraries\Manufacturing\Capital\capital
5          libname comp 'Q:\MFP\SAS Libraries\Manufacturing\Capital\comp';
NOTE: Libref COMP was successfully assigned as follows: 
      Engine:        V9 
      Physical Name: Q:\MFP\SAS Libraries\Manufacturing\Capital\comp
6          libname deflator 'Q:\MFP\SAS Libraries\Manufacturing\Capital\deflator';
NOTE: Libref DEFLATOR was successfully assigned as follows: 
      Engine:        V9 
      Physical Name: Q:\MFP\SAS Libraries\Manufacturing\Capital\deflator
7          libname sptools 'Q:\MFP\SAS Libraries\Manufacturing\Capital\sptools';
NOTE: Libref SPTOOLS was successfully assigned as follows: 
      Engine:        V9 
2                                                        The SAS System                              13:46 Friday, June 23, 2017

      Physical Name: Q:\MFP\SAS Libraries\Manufacturing\Capital\sptools
8          libname lives 'Q:\MFP\SAS Libraries\Manufacturing\Capital\lives';
NOTE: Libref LIVES was successfully assigned as follows: 
      Engine:        V9 
      Physical Name: Q:\MFP\SAS Libraries\Manufacturing\Capital\lives
9          libname ras 'Q:\MFP\SAS Libraries\Manufacturing\Capital\ras';
NOTE: Libref RAS was successfully assigned as follows: 
      Engine:        V9 
      Physical Name: Q:\MFP\SAS Libraries\Manufacturing\Capital\ras
10         libname beadfnew 'Q:\MFP\SAS Libraries\Manufacturing\Capital\beadfnew';
NOTE: Libref BEADFNEW was successfully assigned as follows: 
      Engine:        V9 
      Physical Name: Q:\MFP\SAS Libraries\Manufacturing\Capital\beadfnew
11         libname invest 'Q:\MFP\SAS Libraries\Manufacturing\Capital\invest';
NOTE: Libref INVEST was successfully assigned as follows: 
      Engine:        V9 
      Physical Name: Q:\MFP\SAS Libraries\Manufacturing\Capital\invest
12         libname rental 'Q:\MFP\SAS Libraries\Manufacturing\Capital\rental';
NOTE: Libref RENTAL was successfully assigned as follows: 
      Engine:        V9 
      Physical Name: Q:\MFP\SAS Libraries\Manufacturing\Capital\rental
13         libname kdetails 'Q:\MFP\SAS Libraries\Manufacturing\Capital\kdetails';
NOTE: Libref KDETAILS was successfully assigned as follows: 
      Engine:        V9 
      Physical Name: Q:\MFP\SAS Libraries\Manufacturing\Capital\kdetails
14         libname kstock4d 'Q:\MFP\SAS Libraries\Manufacturing\Capital\kstock4d';
NOTE: Libref KSTOCK4D was successfully assigned as follows: 
      Engine:        V9 
      Physical Name: Q:\MFP\SAS Libraries\Manufacturing\Capital\kstock4d
15         libname pqfork 'Q:\MFP\SAS Libraries\Manufacturing\Capital\pqfork';
NOTE: Library PQFORK does not exist.
16         libname stock 'Q:\MFP\SAS Libraries\Manufacturing\Capital\stock';
NOTE: Libref STOCK was successfully assigned as follows: 
      Engine:        V9 
      Physical Name: Q:\MFP\SAS Libraries\Manufacturing\Capital\stock
17         libname final 'Q:\MFP\SAS Libraries\Manufacturing\Capital\final';
NOTE: Libref FINAL was successfully assigned as follows: 
      Engine:        V9 
      Physical Name: Q:\MFP\SAS Libraries\Manufacturing\Capital\final
18         libname exports 'Q:\MFP\SAS Libraries\Manufacturing\Capital\exports';
3                                                        The SAS System                              13:46 Friday, June 23, 2017

NOTE: Library EXPORTS does not exist.
19         libname IP 'Q:\MFP\SAS Libraries\Manufacturing\IP';
NOTE: Libref IP was successfully assigned as follows: 
      Engine:        V9 
      Physical Name: Q:\MFP\SAS Libraries\Manufacturing\IP
20         
21         /*Creating a macro variable for the update year*/
22          data _null_;
23               length updateid 3 firstyr 4 lastyr 4 baseperiod 3;
24               infile "R:\MFP DataSets\Manufacturing\MFP\SAS Inputs\MFP_Parameters.txt" dlm='09'x firstobs=2;
25               input updateid firstyr lastyr baseperiod;
26               call symput('last', trim(left(put(lastyr, 4.))));
27         run;

NOTE: The infile "R:\MFP DataSets\Manufacturing\MFP\SAS Inputs\MFP_Parameters.txt" is:
      Filename=R:\MFP DataSets\Manufacturing\MFP\SAS Inputs\MFP_Parameters.txt,
      RECFM=V,LRECL=32767,File Size (bytes)=69,
      Last Modified=21Jun2017:11:36:04,
      Create Time=11Jan2016:14:59:02

NOTE: 1 record was read from the infile "R:\MFP DataSets\Manufacturing\MFP\SAS Inputs\MFP_Parameters.txt".
      The minimum record length was 22.
      The maximum record length was 22.
NOTE: DATA statement used (Total process time):
      real time           0.01 seconds
      cpu time            0.01 seconds
      

28          %put &last;
2015
29         
30         /***************************************************************************************/
31         /*STEP 3*/
32         /***************************************************************************************/
33         proc iml;
NOTE: IML Ready
34         /*importing capital flow chart for equipment for 1997 into sas iml matrix form - these are
35         total values of assets in a particular industry for the year of the capital flow table
36         (in this case 1997)these are being imported to form the inital matrix for the RAS method used
37         later*/
4                                                        The SAS System                              13:46 Friday, June 23, 2017

38         use capital.equipment;
39         read all var {ome15	ome16	ome17	ome18	ome19	ome20 	ome21	ome22	ome23
40         ome24	ome25	ome26	ome27	ome28	ome29	ome30	ome31	ome32	ome33	ome34	ome35
41         ome36	ome37	ome38	ome39	ome40	ome41	ome42	ome43	ome44	ome45	ome46	ome47
42         ome48	ome49	ome50	ome51	ome52	ome53	ome54	ome55	ome56	ome57	ome58	ome59
43         ome60	ome61	ome62	ome63	ome64	ome65	ome66	ome67} into equipment;
44         
45         /*transposing capital flow chart - columns are assets types (27 columns)
46         rows are industries (53 rows)*/
47         tranequipment = t(equipment);
48         
49         tranequipment[,15]=tranequipment[,15]+tranequipment[,26];
49       !                                                          /*adding asset 15 and asset 26 - autos
50         and light trucks, afterwards, light trucks (26) are set to zero - this is done to match the
51         aggregation preformed in the DMSP data*/
52         tranequipment[,26]=0;
53         /*retransposing transposted equipment to get new equipment matrix with combined 15 and 26*/
54         equipment = t(tranequipment);
55         
56         /* generate special tools ratio, using 1997 value for special tools, and then applying to
57         industry categories 61 and 62: motor vehicle manufacturing and parts stuff - Flow chart
58         categories - note: this is just for asset 9 - metalworking machinery*/
59         
60         /*loading current capital flow year special tools value (1997) */
61         use sptools.cfsptyr;
62         read all var {sptlcfyr} into sptlcfyr;
63         
64         /* columns are industries and rows are assets in equipment this step takes asset capital
65         equipment category 9 (metal working machinery) and adds this asset for industries 47 and 48,
66         which are motor vehicle manufacturing and motor vehicle body, trailer and parts manufacturing
67         respectively  - corresponding to BEA industry codes 61 and 62*/
68         trkstotal = equipment[9,47] + equipment[9,48];
69         
70         /*creating ratios of the corresponding asset values for each industry to the total value*/
71         prop61 = equipment[9,47]/trkstotal;
72         prop62 = 1 - prop61;
73         
74         /*using ratios above to formulate new asset values for metal working machinery based on the
75         special tools value for the Capital flow year (subtract out special tools) - note this is
76         for one value because the capital flow chart is for 1997!! Note 2 - If we are using the real
5                                                        The SAS System                              13:46 Friday, June 23, 2017

77         value for special tools and if the capital flow table is nominal, perhaps we should be using
78         the nominal value of special tools instead*/
79         equipment[9,47] = equipment[9,47] - (sptlcfyr[1,1]*prop61);
80         equipment[9,48]=equipment[9,48] - (sptlcfyr[1,1]*prop62);
81         
82         /*importing capital structures flow data for 1997 into sas iml*/
83         use capital.structures;
84         read all var {oms15	oms16	oms17	oms18	oms19	oms20 	oms21	oms22	oms23
85         oms24	oms25	oms26	oms27	oms28	oms29	oms30	oms31	oms32	oms33	oms34	oms35
86         oms36	oms37	oms38	oms39	oms40	oms41	oms42	oms43	oms44	oms45	oms46	oms47
87         oms48	oms49	oms50	oms51	oms52	oms53	oms54	oms55	oms56	oms57	oms58	oms59
88         oms60	oms61	oms62	oms63	oms64	oms65	oms66	oms67} into structures;
89         
90         
91         create capital.equipimat from equipment;
92         append from equipment;
93         create capital.structimat from structures;
94         append from structures;
95         
96         quit;
NOTE: Exiting IML.
NOTE: The data set CAPITAL.EQUIPIMAT has 27 observations and 53 variables.
NOTE: The data set CAPITAL.STRUCTIMAT has 2 observations and 53 variables.
NOTE: PROCEDURE IML used (Total process time):
      real time           0.15 seconds
      cpu time            0.04 seconds
      

97         
98         /*Removeing the 2008 nominal special tools value from asset 9 in industry 3361*/
99         proc iml;
NOTE: IML Ready
100        use capital.ACES_2008_Equip_Original;
101        read all into aces;
102        use sptools.special_tools;
103        read all into sptools_value;
104        
105        ACES[9,32]=ACES[9,32]-sptools_value[62,2];
106        
107        create capital.aces_2008_equip from aces;
6                                                        The SAS System                              13:46 Friday, June 23, 2017

108        append from aces;
109        quit;
NOTE: Exiting IML.
NOTE: The data set CAPITAL.ACES_2008_EQUIP has 24 observations and 37 variables.
NOTE: PROCEDURE IML used (Total process time):
      real time           0.04 seconds
      cpu time            0.00 seconds
      

110        
111        /*Removeing the 2012 nominal special tools value from asset 9 in industry 3361*/
112        proc iml;
NOTE: IML Ready
113        use capital.ACES_2012_Equip_Original;
114        read all into aces;
115        use sptools.special_tools;
116        read all into sptools_value;
117        
118        ACES[9,32]=ACES[9,32]-sptools_value[66,2];
119        
120        create capital.aces_2012_equip from aces;
121        append from aces;
122        quit;
NOTE: Exiting IML.
NOTE: The data set CAPITAL.ACES_2012_EQUIP has 24 observations and 37 variables.
NOTE: PROCEDURE IML used (Total process time):
      real time           0.03 seconds
      cpu time            0.01 seconds
      

123        
124        
125        /*renaming columns to correspond to industry classifications on the flow chart*/
126        data capital.equipimat;
127        set capital.equipimat;
128        rename col1-col53=ame15-ame67;
129        run;

NOTE: There were 27 observations read from the data set CAPITAL.EQUIPIMAT.
NOTE: The data set CAPITAL.EQUIPIMAT has 27 observations and 53 variables.
7                                                        The SAS System                              13:46 Friday, June 23, 2017

NOTE: DATA statement used (Total process time):
      real time           0.04 seconds
      cpu time            0.03 seconds
      

130        data capital.structimat;
131        set capital.structimat;
132        rename col1-col53=ams15-ams67;
133        run;

NOTE: There were 2 observations read from the data set CAPITAL.STRUCTIMAT.
NOTE: The data set CAPITAL.STRUCTIMAT has 2 observations and 53 variables.
NOTE: DATA statement used (Total process time):
      real time           0.03 seconds
      cpu time            0.01 seconds
      

NOTE: SAS Institute Inc., SAS Campus Drive, Cary, NC USA 27513-2414
NOTE: The SAS System used:
      real time           0.93 seconds
      cpu time            0.48 seconds
      
